[    0.000000] Linux version 4.15.0-212-generic (buildd@lcy02-amd64-083) (gcc version 7.5.0 (Ubuntu 7.5.0-3ubuntu1~18.04)) #223-Ubuntu SMP Tue May 23 13:09:22 UTC 2023 (Ubuntu 4.15.0-212.223-generic 4.15.18)
[    0.000000] Command line: BOOT_IMAGE=/boot/vmlinuz-4.15.0-212-generic root=LABEL=cloudimg-rootfs ro console=tty1 console=ttyS0
[    0.000000] KERNEL supported cpus:
[    0.000000]   Intel GenuineIntel
[    0.000000]   AMD AuthenticAMD
[    0.000000]   Centaur CentaurHauls
[    0.000000] x86/fpu: x87 FPU will use FXSAVE
[    0.000000] e820: BIOS-provided physical RAM map:
[    0.000000] BIOS-e820: [mem 0x0000000000000000-0x000000000009fbff] usable
[    0.000000] BIOS-e820: [mem 0x000000000009fc00-0x000000000009ffff] reserved
[    0.000000] BIOS-e820: [mem 0x00000000000f0000-0x00000000000fffff] reserved
[    0.000000] BIOS-e820: [mem 0x0000000000100000-0x000000000ffeffff] usable
[    0.000000] BIOS-e820: [mem 0x000000000fff0000-0x000000000fffffff] ACPI data
[    0.000000] BIOS-e820: [mem 0x00000000fec00000-0x00000000fec00fff] reserved
[    0.000000] BIOS-e820: [mem 0x00000000fee00000-0x00000000fee00fff] reserved
[    0.000000] BIOS-e820: [mem 0x00000000fffc0000-0x00000000ffffffff] reserved
[    0.000000] NX (Execute Disable) protection: active
[    0.000000] SMBIOS 2.5 present.
[    0.000000] DMI: innotek GmbH VirtualBox/VirtualBox, BIOS VirtualBox 12/01/2006
[    0.000000] Hypervisor detected: KVM
[    0.000000] e820: last_pfn = 0xfff0 max_arch_pfn = 0x400000000
[    0.000000] x86/PAT: Configuration [0-7]: WB  WC  UC- UC  WB  WP  UC- WT  
[    0.000000] CPU MTRRs all blank - virtualized system.
[    0.000000] found SMP MP-table at [mem 0x0009fbf0-0x0009fbff]
[    0.000000] Scanning 1 areas for low memory corruption
[    0.000000] RAMDISK: [mem 0x0db01000-0x0ee12fff]
[    0.000000] ACPI: Early table checksum verification disabled
[    0.000000] ACPI: RSDP 0x00000000000E0000 000024 (v02 VBOX  )
[    0.000000] ACPI: XSDT 0x000000000FFF0030 00003C (v01 VBOX   VBOXXSDT 00000001 ASL  00000061)
[    0.000000] ACPI: FACP 0x000000000FFF00F0 0000F4 (v04 VBOX   VBOXFACP 00000001 ASL  00000061)
[    0.000000] ACPI: DSDT 0x000000000FFF0610 002353 (v02 VBOX   VBOXBIOS 00000002 INTL 20100528)
[    0.000000] ACPI: FACS 0x000000000FFF0200 000040
[    0.000000] ACPI: FACS 0x000000000FFF0200 000040
[    0.000000] ACPI: APIC 0x000000000FFF0240 000054 (v02 VBOX   VBOXAPIC 00000001 ASL  00000061)
[    0.000000] ACPI: SSDT 0x000000000FFF02A0 00036C (v01 VBOX   VBOXCPUT 00000002 INTL 20100528)
[    0.000000] ACPI: Reserving FACP table memory at [mem 0xfff00f0-0xfff01e3]
[    0.000000] ACPI: Reserving DSDT table memory at [mem 0xfff0610-0xfff2962]
[    0.000000] ACPI: Reserving FACS table memory at [mem 0xfff0200-0xfff023f]
[    0.000000] ACPI: Reserving FACS table memory at [mem 0xfff0200-0xfff023f]
[    0.000000] ACPI: Reserving APIC table memory at [mem 0xfff0240-0xfff0293]
[    0.000000] ACPI: Reserving SSDT table memory at [mem 0xfff02a0-0xfff060b]
[    0.000000] No NUMA configuration found
[    0.000000] Faking a node at [mem 0x0000000000000000-0x000000000ffeffff]
[    0.000000] NODE_DATA(0) allocated [mem 0x0ffc5000-0x0ffeffff]
[    0.000000] kvm-clock: cpu 0, msr 0:ff44001, primary cpu clock
[    0.000000] kvm-clock: Using msrs 4b564d01 and 4b564d00
[    0.000000] kvm-clock: using sched offset of 4924529322 cycles
[    0.000000] clocksource: kvm-clock: mask: 0xffffffffffffffff max_cycles: 0x1cd42e4dffb, max_idle_ns: 881590591483 ns
[    0.000000] Zone ranges:
[    0.000000]   DMA      [mem 0x0000000000001000-0x0000000000ffffff]
[    0.000000]   DMA32    [mem 0x0000000001000000-0x000000000ffeffff]
[    0.000000]   Normal   empty
[    0.000000]   Device   empty
[    0.000000] Movable zone start for each node
[    0.000000] Early memory node ranges
[    0.000000]   node   0: [mem 0x0000000000001000-0x000000000009efff]
[    0.000000]   node   0: [mem 0x0000000000100000-0x000000000ffeffff]
[    0.000000] Reserved but unavailable: 104 pages
[    0.000000] Initmem setup node 0 [mem 0x0000000000001000-0x000000000ffeffff]
[    0.000000] ACPI: PM-Timer IO Port: 0x4008
[    0.000000] IOAPIC[0]: apic_id 1, version 32, address 0xfec00000, GSI 0-23
[    0.000000] ACPI: INT_SRC_OVR (bus 0 bus_irq 0 global_irq 2 dfl dfl)
[    0.000000] ACPI: INT_SRC_OVR (bus 0 bus_irq 9 global_irq 9 low level)
[    0.000000] Using ACPI (MADT) for SMP configuration information
[    0.000000] smpboot: Allowing 1 CPUs, 0 hotplug CPUs
[    0.000000] PM: Registered nosave memory: [mem 0x00000000-0x00000fff]
[    0.000000] PM: Registered nosave memory: [mem 0x0009f000-0x0009ffff]
[    0.000000] PM: Registered nosave memory: [mem 0x000a0000-0x000effff]
[    0.000000] PM: Registered nosave memory: [mem 0x000f0000-0x000fffff]
[    0.000000] e820: [mem 0x10000000-0xfebfffff] available for PCI devices
[    0.000000] Booting paravirtualized kernel on KVM
[    0.000000] clocksource: refined-jiffies: mask: 0xffffffff max_cycles: 0xffffffff, max_idle_ns: 7645519600211568 ns
[    0.000000] setup_percpu: NR_CPUS:8192 nr_cpumask_bits:1 nr_cpu_ids:1 nr_node_ids:1
[    0.000000] percpu: Embedded 50 pages/cpu s167936 r8192 d28672 u2097152
[    0.000000] PV qspinlock hash table entries: 256 (order: 0, 4096 bytes)
[    0.000000] Built 1 zonelists, mobility grouping on.  Total pages: 64377
[    0.000000] Policy zone: DMA32
[    0.000000] Kernel command line: BOOT_IMAGE=/boot/vmlinuz-4.15.0-212-generic root=LABEL=cloudimg-rootfs ro console=tty1 console=ttyS0
[    0.000000] Memory: 208700K/261688K available (12300K kernel code, 2477K rwdata, 4324K rodata, 2480K init, 2720K bss, 52988K reserved, 0K cma-reserved)
[    0.000000] SLUB: HWalign=64, Order=0-3, MinObjects=0, CPUs=1, Nodes=1
[    0.000000] Kernel/User page tables isolation: enabled
[    0.000000] ftrace: allocating 39508 entries in 155 pages
[    0.004000] Hierarchical RCU implementation.
[    0.004000] 	RCU restricting CPUs from NR_CPUS=8192 to nr_cpu_ids=1.
[    0.004000] 	Tasks RCU enabled.
[    0.004000] RCU: Adjusting geometry for rcu_fanout_leaf=16, nr_cpu_ids=1
[    0.004000] NR_IRQS: 524544, nr_irqs: 256, preallocated irqs: 16
[    0.004000] random: crng init done
[    0.004000] Console: colour VGA+ 80x25
[    0.004000] console [tty1] enabled
[    0.004000] console [ttyS0] enabled
[    0.004000] ACPI: Core revision 20170831
[    0.004000] ACPI: 2 ACPI AML tables successfully acquired and loaded
[    0.004000] APIC: Switch to symmetric I/O mode setup
[    0.008000] ..TIMER: vector=0x30 apic1=0 pin1=2 apic2=-1 pin2=-1
[    0.008010] tsc: Detected 2711.998 MHz processor
[    0.012016] Calibrating delay loop (skipped) preset value.. 5423.99 BogoMIPS (lpj=10847992)
[    0.016008] pid_max: default: 32768 minimum: 301
[    0.020063] Security Framework initialized
[    0.024010] Yama: becoming mindful.
[    0.028039] AppArmor: AppArmor initialized
[    0.032116] Dentry cache hash table entries: 32768 (order: 6, 262144 bytes)
[    0.036043] Inode-cache hash table entries: 16384 (order: 5, 131072 bytes)
[    0.040026] Mount-cache hash table entries: 512 (order: 0, 4096 bytes)
[    0.044016] Mountpoint-cache hash table entries: 512 (order: 0, 4096 bytes)
[    0.054236] Last level iTLB entries: 4KB 64, 2MB 8, 4MB 8
[    0.056010] Last level dTLB entries: 4KB 64, 2MB 0, 4MB 0, 1GB 4
[    0.060012] Spectre V1 : Mitigation: usercopy/swapgs barriers and __user pointer sanitization
[    0.064010] Spectre V2 : Mitigation: Retpolines
[    0.068009] Spectre V2 : Spectre v2 / SpectreRSB mitigation: Filling RSB on context switch
[    0.072009] Spectre V2 : Spectre v2 / SpectreRSB : Filling RSB on VMEXIT
[    0.076007] RETBleed: WARNING: Spectre v2 mitigation leaves CPU vulnerable to RETBleed attacks, data leaks possible!
[    0.080008] RETBleed: Vulnerable
[    0.084007] Speculative Store Bypass: Vulnerable
[    0.088182] MDS: Mitigation: Clear CPU buffers
[    0.092009] MMIO Stale Data: Mitigation: Clear CPU buffers
[    0.096009] SRBDS: Unknown: Dependent on hypervisor status
[    0.111941] Freeing SMP alternatives memory: 36K
[    0.228004] APIC calibration not consistent with PM-Timer: 102ms instead of 100ms
[    0.232000] APIC delta adjusted to PM-Timer: 6311528 (6500370)
[    0.232635] smpboot: CPU0: Intel(R) Core(TM) i5-7200U CPU @ 2.50GHz (family: 0x6, model: 0x8e, stepping: 0x9)
[    0.236090] Performance Events: unsupported p6 CPU model 142 no PMU driver, software events only.
[    0.240087] Hierarchical SRCU implementation.
[    0.244729] NMI watchdog: Perf event create on CPU 0 failed with -2
[    0.248198] NMI watchdog: Perf NMI watchdog permanently disabled
[    0.252149] smp: Bringing up secondary CPUs ...
[    0.256011] smp: Brought up 1 node, 1 CPU
[    0.260008] smpboot: Max logical packages: 1
[    0.264009] smpboot: Total of 1 processors activated (5423.99 BogoMIPS)
[    0.268205] devtmpfs: initialized
[    0.272080] x86/mm: Memory block size: 128MB
[    0.276151] evm: security.selinux
[    0.280015] evm: security.SMACK64
[    0.284010] evm: security.SMACK64EXEC
[    0.288008] evm: security.SMACK64TRANSMUTE
[    0.292009] evm: security.SMACK64MMAP
[    0.296010] evm: security.apparmor
[    0.300008] evm: security.ima
[    0.304008] evm: security.capability
[    0.308232] clocksource: jiffies: mask: 0xffffffff max_cycles: 0xffffffff, max_idle_ns: 7645041785100000 ns
[    0.316036] futex hash table entries: 256 (order: 2, 16384 bytes)
[    0.320095] pinctrl core: initialized pinctrl subsystem
[    0.328748] RTC time: 18:05:04, date: 04/15/25
[    0.332233] NET: Registered protocol family 16
[    0.336160] audit: initializing netlink subsys (disabled)
[    0.340291] cpuidle: using governor ladder
[    0.344018] audit: type=2000 audit(1744740309.681:1): state=initialized audit_enabled=0 res=1
[    0.348024] cpuidle: using governor menu
[    0.352077] ACPI: bus type PCI registered
[    0.356011] acpiphp: ACPI Hot Plug PCI Controller Driver version: 0.5
[    0.360534] PCI: Using configuration type 1 for base access
[    0.365867] HugeTLB registered 2.00 MiB page size, pre-allocated 0 pages
[    0.368350] ACPI: Added _OSI(Module Device)
[    0.372015] ACPI: Added _OSI(Processor Device)
[    0.376011] ACPI: Added _OSI(3.0 _SCP Extensions)
[    0.380011] ACPI: Added _OSI(Processor Aggregator Device)
[    0.384021] ACPI: Added _OSI(Linux-Dell-Video)
[    0.388037] ACPI: Added _OSI(Linux-Lenovo-NV-HDMI-Audio)
[    0.392011] ACPI: Added _OSI(Linux-HPI-Hybrid-Graphics)
[    0.397381] ACPI: Executed 1 blocks of module-level executable AML code
[    0.407181] ACPI: Interpreter enabled
[    0.408025] ACPI: (supports S0 S5)
[    0.412007] ACPI: Using IOAPIC for interrupt routing
[    0.416743] PCI: Using host bridge windows from ACPI; if necessary, use "pci=nocrs" and report a bug
[    0.424511] ACPI: Enabled 2 GPEs in block 00 to 07
[    0.449265] ACPI: PCI Root Bridge [PCI0] (domain 0000 [bus 00-ff])
[    0.452019] acpi PNP0A03:00: _OSC: OS supports [ASPM ClockPM Segments MSI]
[    0.461049] acpi PNP0A03:00: _OSC: not requesting OS control; OS requires [ExtendedConfig ASPM ClockPM MSI]
[    0.464044] acpi PNP0A03:00: fail to add MMCONFIG information, can't access extended PCI configuration space under this bridge.
[    0.469236] PCI host bridge to bus 0000:00
[    0.472014] pci_bus 0000:00: root bus resource [io  0x0000-0x0cf7 window]
[    0.476011] pci_bus 0000:00: root bus resource [io  0x0d00-0xffff window]
[    0.480011] pci_bus 0000:00: root bus resource [mem 0x000a0000-0x000bffff window]
[    0.484014] pci_bus 0000:00: root bus resource [mem 0x10000000-0xfdffffff window]
[    0.488012] pci_bus 0000:00: root bus resource [bus 00-ff]
[    0.504668] pci 0000:00:01.1: legacy IDE quirk: reg 0x10: [io  0x01f0-0x01f7]
[    0.508010] pci 0000:00:01.1: legacy IDE quirk: reg 0x14: [io  0x03f6]
[    0.512010] pci 0000:00:01.1: legacy IDE quirk: reg 0x18: [io  0x0170-0x0177]
[    0.516010] pci 0000:00:01.1: legacy IDE quirk: reg 0x1c: [io  0x0376]
[    0.554601] pci 0000:00:07.0: quirk: [io  0x4000-0x403f] claimed by PIIX4 ACPI
[    0.556065] pci 0000:00:07.0: quirk: [io  0x4100-0x410f] claimed by PIIX4 SMB
[    0.581933] ACPI: PCI Interrupt Link [LNKA] (IRQs 5 9 10 *11)
[    0.585061] ACPI: PCI Interrupt Link [LNKB] (IRQs 5 9 *10 11)
[    0.589242] ACPI: PCI Interrupt Link [LNKC] (IRQs 5 *9 10 11)
[    0.592378] ACPI: PCI Interrupt Link [LNKD] (IRQs 5 9 10 *11)
[    0.600650] SCSI subsystem initialized
[    0.608133] pci 0000:00:02.0: vgaarb: setting as boot VGA device
[    0.612000] pci 0000:00:02.0: vgaarb: VGA device added: decodes=io+mem,owns=io+mem,locks=none
[    0.612016] pci 0000:00:02.0: vgaarb: bridge control possible
[    0.616010] vgaarb: loaded
[    0.620060] ACPI: bus type USB registered
[    0.624056] usbcore: registered new interface driver usbfs
[    0.628043] usbcore: registered new interface driver hub
[    0.632034] usbcore: registered new device driver usb
[    0.636137] EDAC MC: Ver: 3.0.0
[    0.642249] PCI: Using ACPI for IRQ routing
[    0.648192] NetLabel: Initializing
[    0.652008] NetLabel:  domain hash size = 128
[    0.656008] NetLabel:  protocols = UNLABELED CIPSOv4 CALIPSO
[    0.660054] NetLabel:  unlabeled traffic allowed by default
[    0.664275] clocksource: Switched to clocksource kvm-clock
[    0.749947] VFS: Disk quotas dquot_6.6.0
[    0.760270] VFS: Dquot-cache hash table entries: 512 (order 0, 4096 bytes)
[    0.776125] AppArmor: AppArmor Filesystem Enabled
[    0.787783] pnp: PnP ACPI init
[    0.806801] pnp: PnP ACPI: found 3 devices
[    0.823828] clocksource: acpi_pm: mask: 0xffffff max_cycles: 0xffffff, max_idle_ns: 2085701024 ns
[    0.841866] NET: Registered protocol family 2
[    0.851842] IP idents hash table entries: 4096 (order: 3, 32768 bytes)
[    0.866476] TCP established hash table entries: 2048 (order: 2, 16384 bytes)
[    0.879545] TCP bind hash table entries: 2048 (order: 3, 32768 bytes)
[    0.889509] TCP: Hash tables configured (established 2048 bind 2048)
[    0.899973] UDP hash table entries: 256 (order: 1, 8192 bytes)
[    0.908590] UDP-Lite hash table entries: 256 (order: 1, 8192 bytes)
[    0.917154] NET: Registered protocol family 1
[    0.925185] pci 0000:00:00.0: Limiting direct PCI/PCI transfers
[    0.934654] pci 0000:00:01.0: Activating ISA DMA hang workarounds
[    0.944021] pci 0000:00:02.0: Video device with shadowed ROM at [mem 0x000c0000-0x000dffff]
[    0.955860] Unpacking initramfs...
[    1.709428] Freeing initrd memory: 19528K
[    1.717314] clocksource: tsc: mask: 0xffffffffffffffff max_cycles: 0x27178451938, max_idle_ns: 440795251172 ns
[    1.733263] platform rtc_cmos: registered platform RTC device (no PNP device found)
[    1.746013] Scanning for low memory corruption every 60 seconds
[    1.760355] Initialise system trusted keyrings
[    1.778766] Key type blacklist registered
[    1.792321] workingset: timestamp_bits=36 max_order=16 bucket_order=0
[    1.811248] zbud: loaded
[    1.817773] squashfs: version 4.0 (2009/01/31) Phillip Lougher
[    1.831977] fuse init (API version 7.26)
[    1.844477] Key type asymmetric registered
[    1.852256] Asymmetric key parser 'x509' registered
[    1.861258] Block layer SCSI generic (bsg) driver version 0.4 loaded (major 246)
[    1.875577] io scheduler noop registered
[    1.883274] io scheduler deadline registered
[    1.891592] io scheduler cfq registered (default)
[    1.900832] ACPI: AC Adapter [AC] (on-line)
[    1.910173] input: Power Button as /devices/LNXSYSTM:00/LNXPWRBN:00/input/input0
[    1.928034] ACPI: Power Button [PWRF]
[    1.936419] input: Sleep Button as /devices/LNXSYSTM:00/LNXSLPBN:00/input/input1
[    1.949606] ACPI: Sleep Button [SLPF]
[    1.958880] ACPI: Battery Slot [BAT0] (battery present)
[    1.966609] Serial: 8250/16550 driver, 32 ports, IRQ sharing enabled
[    2.017539] 00:02: ttyS0 at I/O 0x3f8 (irq = 4, base_baud = 115200) is a 16550A
[    2.032499] Linux agpgart interface v0.103
[    2.043087] loop: module loaded
[    2.050996] scsi host0: ata_piix
[    2.056758] scsi host1: ata_piix
[    2.063430] ata1: PATA max UDMA/33 cmd 0x1f0 ctl 0x3f6 bmdma 0xd000 irq 14
[    2.075479] ata2: PATA max UDMA/33 cmd 0x170 ctl 0x376 bmdma 0xd008 irq 15
[    2.089544] tun: Universal TUN/TAP device driver, 1.6
[    2.097688] PPP generic driver version 2.4.2
[    2.106219] ehci_hcd: USB 2.0 'Enhanced' Host Controller (EHCI) Driver
[    2.119921] ehci-pci: EHCI PCI platform driver
[    2.131365] ehci-platform: EHCI generic platform driver
[    2.144289] ohci_hcd: USB 1.1 'Open' Host Controller (OHCI) Driver
[    2.160409] ohci-pci: OHCI PCI platform driver
[    2.169275] ohci-platform: OHCI generic platform driver
[    2.180001] uhci_hcd: USB Universal Host Controller Interface driver
[    2.195324] i8042: PNP: PS/2 Controller [PNP0303:PS2K,PNP0f03:PS2M] at 0x60,0x64 irq 1,12
[    2.218921] serio: i8042 KBD port at 0x60,0x64 irq 1
[    2.231722] serio: i8042 AUX port at 0x60,0x64 irq 12
[    2.355640] mousedev: PS/2 mouse device common for all mice
[    2.370864] input: AT Translated Set 2 keyboard as /devices/platform/i8042/serio0/input/input2
[    2.392086] rtc_cmos rtc_cmos: rtc core: registered rtc_cmos as rtc0
[    2.404831] rtc_cmos rtc_cmos: alarms up to one day, 114 bytes nvram
[    2.419722] i2c /dev entries driver
[    2.428866] device-mapper: uevent: version 1.0.3
[    2.439873] device-mapper: ioctl: 4.37.0-ioctl (2017-09-20) initialised: dm-devel@redhat.com
[    2.457217] ledtrig-cpu: registered to indicate activity on CPUs
[    2.470390] NET: Registered protocol family 10
[    2.487787] Segment Routing with IPv6
[    2.495183] NET: Registered protocol family 17
[    2.503330] Key type dns_resolver registered
[    2.510577] mce: Using 0 MCE banks
[    2.516136] RAS: Correctable Errors collector initialized.
[    2.525325] sched_clock: Marking stable (2525201490, 0)->(4454694540, -1929493050)
[    2.536806] registered taskstats version 1
[    2.543563] Loading compiled-in X.509 certificates
[    2.554878] Loaded X.509 cert 'Build time autogenerated kernel key: b5b26778eaa3ab3a4a6cee031137706e947d12ad'
[    2.569314] Loaded X.509 cert 'Canonical Ltd. Live Patch Signing: 14df34d1a87cf37625abec039ef2bf521249b969'
[    2.585655] Loaded X.509 cert 'Canonical Ltd. Kernel Module Signing: 88f752e560a1e0737e31163a466ad7b70a850c19'
[    2.600202] blacklist: Loading compiled-in revocation X.509 certificates
[    2.610407] Loaded X.509 cert 'Canonical Ltd. Secure Boot Signing: 61482aa2830d0ab2ad5af10b7250da9033ddcef0'
[    2.626512] Loaded X.509 cert 'Canonical Ltd. Secure Boot Signing (2017): 242ade75ac4a15e50d50c84b0d45ff3eae707a03'
[    2.642358] Loaded X.509 cert 'Canonical Ltd. Secure Boot Signing (ESM 2018): 365188c1d374d6b07c3c8f240f8ef722433d6a8b'
[    2.657845] Loaded X.509 cert 'Canonical Ltd. Secure Boot Signing (2019): c0746fd6c5da3ae827864651ad66ae47fe24b3e8'
[    2.672364] Loaded X.509 cert 'Canonical Ltd. Secure Boot Signing (2021 v1): a8d54bbb3825cfb94fa13c9f8a594a195c107b8d'
[    2.687756] Loaded X.509 cert 'Canonical Ltd. Secure Boot Signing (2021 v2): 4cf046892d6fd3c9a5b03f98d845f90851dc6a8c'
[    2.710987] Loaded X.509 cert 'Canonical Ltd. Secure Boot Signing (2021 v3): 100437bb6de6e469b581e61cd66bce3ef4ed53af'
[    2.728944] Loaded X.509 cert 'Canonical Ltd. Secure Boot Signing (Ubuntu Core 2019): c1d57b8f6b743f23ee41f4f7ee292f06eecadfb9'
[    2.747429] zswap: loaded using pool lzo/zbud
[    2.765479] Key type big_key registered
[    2.771364] Key type trusted registered
[    2.781522] Key type encrypted registered
[    2.788142] AppArmor: AppArmor sha1 policy hashing enabled
[    2.796622] ima: No TPM chip found, activating TPM-bypass! (rc=-19)
[    2.805970] ima: Allocated hash algorithm: sha1
[    2.812308] evm: HMAC attrs: 0x1
[    2.818145]   Magic number: 5:537:89
[    2.824887] rtc_cmos rtc_cmos: setting system clock to 2025-04-15 18:05:07 UTC (1744740307)
[    2.838064] BIOS EDD facility v0.16 2004-Jun-25, 0 devices found
[    2.848424] EDD information not available.
[    2.859788] Freeing unused kernel image memory: 2480K
[    2.872781] Write protecting the kernel read-only data: 20480k
[    2.881229] Freeing unused kernel image memory: 2008K
[    2.888851] Freeing unused kernel image memory: 1820K
[    2.903897] x86/mm: Checked W+X mappings: passed, no W+X pages found.
[    2.913080] x86/mm: Checking user space page tables
[    2.929700] x86/mm: Checked W+X mappings: passed, no W+X pages found.
Loading, please wait...
starting version 237
[    3.173210] e1000: Intel(R) PRO/1000 Network Driver - version 7.3.21-k8-NAPI
[    3.185572] e1000: Copyright (c) 1999-2006 Intel Corporation.
[    3.200134] Fusion MPT base driver 3.04.20
[    3.208259] Copyright (c) 1999-2008 LSI Corporation
[    3.310903] SSE version of gcm_enc/dec engaged.
[    3.333867] Fusion MPT SPI Host driver 3.04.20
[    3.516636] input: ImExPS/2 Generic Explorer Mouse as /devices/platform/i8042/serio1/input/input4
[    4.355902] e1000 0000:00:03.0 eth0: (PCI:33MHz:32-bit) 02:3b:7b:b7:3b:2d
[    4.365084] e1000 0000:00:03.0 eth0: Intel(R) PRO/1000 Network Connection
[    4.376557] mptbase: ioc0: Initiating bringup
[    4.495955] ioc0: LSI53C1030 A0: Capabilities={Initiator}
[    4.776401] scsi host2: ioc0: LSI53C1030 A0, FwRev=00000000h, Ports=1, MaxQ=256, IRQ=20
[    4.962356] scsi 2:0:0:0: Direct-Access     VBOX     HARDDISK         1.0  PQ: 0 ANSI: 5
[    4.979708] scsi target2:0:0: Beginning Domain Validation
[    5.000225] scsi target2:0:0: Domain Validation skipping write tests
[    5.009759] scsi target2:0:0: Ending Domain Validation
[    5.027528] scsi target2:0:0: asynchronous
[    5.068748] scsi 2:0:1:0: Direct-Access     VBOX     HARDDISK         1.0  PQ: 0 ANSI: 5
[    5.106150] scsi target2:0:1: Beginning Domain Validation
[    5.206601] scsi target2:0:1: Domain Validation skipping write tests
[    5.216946] scsi target2:0:1: Ending Domain Validation
[    5.251067] scsi target2:0:1: asynchronous
[    5.474323] sd 2:0:0:0: Attached scsi generic sg0 type 0
[    5.486154] sd 2:0:0:0: [sda] 83886080 512-byte logical blocks: (42.9 GB/40.0 GiB)
[    5.512022] sd 2:0:1:0: Attached scsi generic sg1 type 0
[    5.521076] sd 2:0:0:0: [sda] Write Protect is off
[    5.531100] sd 2:0:1:0: [sdb] 20480 512-byte logical blocks: (10.5 MB/10.0 MiB)
[    5.555906] sd 2:0:1:0: [sdb] Write Protect is off
[    5.562954] sd 2:0:0:0: [sda] Incomplete mode parameter data
[    5.570799] sd 2:0:0:0: [sda] Assuming drive cache: write through
[    5.600620] sd 2:0:1:0: [sdb] Incomplete mode parameter data
[    5.609798] sd 2:0:1:0: [sdb] Assuming drive cache: write through
[    5.637492]  sda: sda1
[    5.652090] sd 2:0:1:0: [sdb] Attached SCSI disk
[    5.672748] sd 2:0:0:0: [sda] Attached SCSI disk
[    6.170878] e1000 0000:00:08.0 eth1: (PCI:33MHz:32-bit) 08:00:27:50:71:51
[    6.180380] e1000 0000:00:08.0 eth1: Intel(R) PRO/1000 Network Connection
[    6.194416] e1000 0000:00:08.0 enp0s8: renamed from eth1
[    6.233361] e1000 0000:00:03.0 enp0s3: renamed from eth0
Begin: Loading essential drivers ... [    8.604204] raid6: sse2x1   gen()  7314 MB/s
[    8.668280] raid6: sse2x1   xor()  5635 MB/s
[    8.740199] raid6: sse2x2   gen() 11369 MB/s
[    8.804153] raid6: sse2x2   xor()  5257 MB/s
[    8.864716] raid6: sse2x4   gen()  6076 MB/s
[    8.928111] raid6: sse2x4   xor()  4342 MB/s
[    8.938209] raid6: using algorithm sse2x2 gen() 11369 MB/s
[    8.949189] raid6: .... xor() 5257 MB/s, rmw enabled
[    8.959234] raid6: using ssse3x2 recovery algorithm
[    8.972230] xor: measuring software checksum speed
[    9.080281]    prefetch64-sse: 28739.000 MB/sec
[    9.204256]    generic_sse: 22640.000 MB/sec
[    9.214600] xor: using function: prefetch64-sse (28739.000 MB/sec)
[    9.241700] async_tx: api initialized (async)
done.
Begin: Running /scripts/init-premount ... done.
Begin: Mounting root file system ... Begin: Running /scripts/local-top ... done.
Begin: Running /scripts/local-premount ... [    9.497358] Btrfs loaded, crc32c=crc32c-intel
Scanning for Btrfs filesystems
done.
Warning: fsck not present, so skipping root file system
[    9.666774] EXT4-fs (sda1): mounted filesystem with ordered data mode. Opts: (null)
done.
Begin: Running /scripts/local-bottom ... done.
Begin: Running /scripts/init-bottom ... done.
[   10.234163] ip_tables: (C) 2000-2006 Netfilter Core Team
[   10.280987] systemd[1]: systemd 237 running in system mode. (+PAM +AUDIT +SELINUX +IMA +APPARMOR +SMACK +SYSVINIT +UTMP +LIBCRYPTSETUP +GCRYPT +GNUTLS +ACL +XZ +LZ4 +SECCOMP +BLKID +ELFUTILS +KMOD -IDN2 +IDN -PCRE2 default-hierarchy=hybrid)
[   10.313957] systemd[1]: Detected virtualization oracle.
[   10.322372] systemd[1]: Detected architecture x86-64.

Welcome to [1mUbuntu 18.04.6 LTS[0m!

[   10.340599] systemd[1]: Set hostname to <ubuntu>.
[   10.358663] systemd[1]: Initializing machine ID from random generator.
[   10.367922] systemd[1]: Installed transient /etc/machine-id file.
[   10.991829] systemd[1]: Started Forward Password Requests to Wall Directory Watch.
[[0;32m  OK  [0m] Started Forward Password Requests to Wall Directory Watch.
[   11.014112] systemd[1]: Created slice User and Session Slice.
[[0;32m  OK  [0m] Created slice User and Session Slice.
[   11.030937] systemd[1]: Reached target Mounting snaps.
[[0;32m  OK  [0m] Reached target Mounting snaps.
[   11.047128] systemd[1]: Reached target User and Group Name Lookups.
[[0;32m  OK  [0m] Reached target User and Group Name Lookups.
[[0;32m  OK  [0m] Created slice System Slice.
[[0;32m  OK  [0m] Listening on udev Control Socket.
[[0;32m  OK  [0m] Reached target Slices.
[[0;32m  OK  [0m] Listening on Journal Audit Socket.
[[0;32m  OK  [0m] Listening on /dev/initctl Compatibility Named Pipe.
[[0;32m  OK  [0m] Listening on LVM2 metadata daemon socket.
[[0;32m  OK  [0m] Listening on Syslog Socket.
[[0;32m  OK  [0m] Listening on udev Kernel Socket.
[[0;32m  OK  [0m] Listening on Network Service Netlink Socket.
[[0;32m  OK  [0m] Listening on Journal Socket.
         Mounting Kernel Debug File System...
         Starting Load Kernel Modules...
         Mounting Huge Pages File System...
         Starting Set the console keyboard layout...
[[0;32m  OK  [0m] Created slice system-serial\x2dgetty.slice.
         [   11.209474] Loading iSCSI transport class v2.0-870.
Starting udev Coldplug all Devices...
         Starting Create list of required st…ce nodes for the current kernel...
[[0;32m  OK  [0m] Listening on Device-mapper event daemon FIFOs.
         Starting Monitoring of LVM2 mirrors…ng dmeventd or progress polling...
[[0;32m  OK  [0m] Listening on Journal Socket (/dev/log).
         Starting Journal Service...
         Starting Uncomplicated firewall...
[[0;32m  OK  [0m] Set up automount Arbitrary Executab…rmats File System Automount Point.
[   11.394995] iscsi: registered transport (tcp)
[[0;32m  OK  [0m] Reached target Mounted snaps.
         Mounting POSIX Message Queue File System...
[[0;32m  OK  [0m] Listening on LVM2 poll daemon socket.
[[0;32m  OK  [0m] Listening on fsck to fsckd communication Socket.
[[0;32m  OK  [0m] Reached target Swap.
         Starting File System Check on Root Device...
[[0;32m  OK  [0m] Reached target System Time Synchronized.
[[0;32m  OK  [0m] Mounted Kernel Debug File System.
[[0;32m  OK  [0m] Mounted Huge Pages File System.
[[0;32m  OK  [0m] Started Create list of required sta…vice nodes for the current kernel.
[[0;32m  OK  [0m] Started Uncomplicated firewall.
[[0;32m  OK  [0m] Mounted POSIX Message Queue File System.
[[0;32m  OK  [0m] Started File System Check Daemon to report status.
[[0;32m  OK  [0m] Started LVM2 metadata daemon.
         Starting Create Static Device Nodes in /dev...
[[0;32m  OK  [0m] Started Journal Service.
[   11.863268] iscsi: registered transport (iser)
[[0;32m  OK  [0m] Started File System Check on Root Device.
         Starting Remount Root and Kernel File Systems...
[[0;32m  OK  [0m] Started Load Kernel Modules.
         Mounting Kernel Configuration File System...
         Mounting FUSE Control File System...
         Starting Apply Kernel Variables...
[[0;32m  OK  [0m] Started Monitoring of LVM2 mirrors,…sing dmeventd or progress polling.
[[0;32m  OK  [0m] Started Create Static Device Nodes in /dev.
[   12.048880] EXT4-fs (sda1): re-mounted. Opts: (null)
[[0;32m  OK  [0m] Mounted Kernel Configuration File System.
[[0;32m  OK  [0m] Mounted FUSE Control File System.
[[0;32m  OK  [0m] Started Remount Root and Kernel File Systems.
[[0;32m  OK  [0m] Started udev Coldplug all Devices.
[[0;32m  OK  [0m] Started Apply Kernel Variables.
         Starting udev Kernel Device Manager...
         Starting Flush Journal to Persistent Storage...
         Starting Load/Save Random Seed...
[[0;32m  OK  [0m] Started udev Kernel Device Manager.
[[0;32m  OK  [0m] Started Load/Save Random Seed.
[[0;32m  OK  [0m] Started Flush Journal to Persistent Storage.
[[0;32m  OK  [0m] Found device /dev/ttyS0.
[[0;32m  OK  [0m] Listening on Load/Save RF Kill Switch Status /dev/rfkill Watch.
[[0;32m  OK  [0m] Started Set the console keyboard layout.
[[0;32m  OK  [0m] Reached target Local File Systems (Pre).
[[0;32m  OK  [0m] Reached target Local File Systems.
         Starting Create Volatile Files and Directories...
         Starting AppArmor initialization...
         Starting Set console font and keymap...
         Starting Tell Plymouth To Write Out Runtime Data...
         Starting ebtables ruleset management...
         Starting Commit a transient machine-id on disk...
[[0;32m  OK  [0m] Started Dispatch Password Requests to Console Directory Watch.
[[0;32m  OK  [0m] Reached target Local Encrypted Volumes.
[[0;32m  OK  [0m] Started Tell Plymouth To Write Out Runtime Data.
[[0;32m  OK  [0m] Started Create Volatile Files and Directories.
[[0;32m  OK  [0m] Started Commit a transient machine-id on disk.
         Starting Update UTMP about System Boot/Shutdown...
[[0;32m  OK  [0m] Started Update UTMP about System Boot/Shutdown.
[[0;32m  OK  [0m] Started ebtables ruleset management.
         Mounting Arbitrary Executable File Formats File System...
[[0;32m  OK  [0m] Mounted Arbitrary Executable File Formats File System.
[[0;32m  OK  [0m] Started AppArmor initialization.
         Starting Load AppArmor profiles managed internally by snapd...
         Starting Initial cloud-init job (pre-networking)...
[[0;32m  OK  [0m] Started Load AppArmor profiles managed internally by snapd.
[[0;32m  OK  [0m] Started Set console font and keymap.
[   23.082443] cloud-init[760]: Cloud-init v. 23.1.2-0ubuntu0~18.04.1 running 'init-local' at Tue, 15 Apr 2025 18:05:27 +0000. Up 22.53 seconds.
[[0;32m  OK  [0m] Started Initial cloud-init job (pre-networking).
[[0;32m  OK  [0m] Reached target Network (Pre).
         Starting Network Service...
[[0;32m  OK  [0m] Started Network Service.
         Starting Wait for Network to be Configured...
         Starting Network Name Resolution...
[[0;32m  OK  [0m] Started Network Name Resolution.
[[0;32m  OK  [0m] Reached target Network.
[[0;32m  OK  [0m] Reached target Host and Network Name Lookups.
[[0;32m  OK  [0m] Started Wait for Network to be Configured.
         Starting Initial cloud-init job (metadata service crawler)...
[   27.200998] cloud-init[901]: Cloud-init v. 23.1.2-0ubuntu0~18.04.1 running 'init' at Tue, 15 Apr 2025 18:05:31 +0000. Up 26.84 seconds.
[   27.238612] cloud-init[901]: ci-info: ++++++++++++++++++++++++++++++++++++++Net device info+++++++++++++++++++++++++++++++++++++++
[   27.270593] cloud-init[901]: ci-info: +--------+-------+----------------------------+---------------+--------+-------------------+
[   27.301150] cloud-init[901]: ci-info: | Device |   Up  |          Address           |      Mask     | Scope  |     Hw-Address    |
[   27.344972] cloud-init[901]: ci-info: +--------+-------+----------------------------+---------------+--------+-------------------+
[   27.368795] cloud-init[901]: ci-info: | enp0s3 |  True |         10.0.2.15          | 255.255.255.0 | global | 02:3b:7b:b7:3b:2d |
[   27.405699] cloud-init[901]: ci-info: | enp0s3 |  True | fd00::3b:7bff:feb7:3b2d/64 |       .       | global | 02:3b:7b:b7:3b:2d |
[   27.440928] cloud-init[901]: ci-info: | enp0s3 |  True | fe80::3b:7bff:feb7:3b2d/64 |       .       |  link  | 02:3b:7b:b7:3b:2d |
[   27.471034] cloud-init[901]: ci-info: | enp0s8 | False |             .              |       .       |   .    | 08:00:27:50:71:51 |
[   27.509018] cloud-init[901]: ci-info: |   lo   |  True |         127.0.0.1          |   255.0.0.0   |  host  |         .         |
[   27.534147] cloud-init[901]: ci-info: |   lo   |  True |          ::1/128           |       .       |  host  |         .         |
[   27.569463] cloud-init[901]: ci-info: +--------+-------+----------------------------+---------------+--------+-------------------+
[   27.594982] cloud-init[901]: ci-info: ++++++++++++++++++++++++++++Route IPv4 info+++++++++++++++++++++++++++++
[   27.624555] cloud-init[901]: ci-info: +-------+-------------+----------+-----------------+-----------+-------+
[   27.653683] cloud-init[901]: ci-info: | Route | Destination | Gateway  |     Genmask     | Interface | Flags |
[   27.674968] cloud-init[901]: ci-info: +-------+-------------+----------+-----------------+-----------+-------+
[   27.701318] cloud-init[901]: ci-info: |   0   |   0.0.0.0   | 10.0.2.2 |     0.0.0.0     |   enp0s3  |   UG  |
[   27.723307] cloud-init[901]: ci-info: |   1   |   10.0.2.0  | 0.0.0.0  |  255.255.255.0  |   enp0s3  |   U   |
[   27.758584] cloud-init[901]: ci-info: |   2   |   10.0.2.2  | 0.0.0.0  | 255.255.255.255 |   enp0s3  |   UH  |
[   27.787419] cloud-init[901]: ci-info: +-------+-------------+----------+-----------------+-----------+-------+
[   27.816773] cloud-init[901]: ci-info: +++++++++++++++++++Route IPv6 info+++++++++++++++++++
[   27.843151] cloud-init[901]: ci-info: +-------+-------------+---------+-----------+-------+
[   27.867518] cloud-init[901]: ci-info: | Route | Destination | Gateway | Interface | Flags |
[   27.895131] cloud-init[901]: ci-info: +-------+-------------+---------+-----------+-------+
[   27.920447] cloud-init[901]: ci-info: |   1   |  fd00::/64  |    ::   |   enp0s3  |   U   |
[   27.943354] cloud-init[901]: ci-info: |   2   |  fe80::/64  |    ::   |   enp0s3  |   U   |
[   27.982516] cloud-init[901]: ci-info: |   3   |     ::/0    | fe80::2 |   enp0s3  |   UG  |
[   28.003105] cloud-init[901]: ci-info: |   5   |    local    |    ::   |   enp0s3  |   U   |
[   28.026909] cloud-init[901]: ci-info: |   6   |   ff00::/8  |    ::   |   enp0s3  |   U   |
[   28.059527] cloud-init[901]: ci-info: +-------+-------------+---------+-----------+-------+
[   29.866392] cloud-init[901]: Generating public/private rsa key pair.
[   29.886837] cloud-init[901]: Your identification has been saved in /etc/ssh/ssh_host_rsa_key.
[   29.914187] cloud-init[901]: Your public key has been saved in /etc/ssh/ssh_host_rsa_key.pub.
[   29.940404] cloud-init[901]: The key fingerprint is:
[   29.955493] cloud-init[901]: SHA256:AWWxOzffKjCrAiwXrT0qI1vMFhKtXgTcgGTrQG40O7U root@ubuntu-bionic
[   29.982356] cloud-init[901]: The key's randomart image is:
[   30.003142] cloud-init[901]: +---[RSA 2048]----+
[   30.014315] cloud-init[901]: |+Oo.  ..+.       |
[   30.036428] cloud-init[901]: |*o*..  o .       |
[   30.050563] cloud-init[901]: |o*.E    o        |
[   30.076572] [cloud-init[0;32m  OK  [0m[901]: ] Started Initial cloud-init job (metadata service crawler).
[|+o+ .    o       |
[0;32m  OK  [0m] Reached target Cloud-config availability.[   30.133163] 
[cloud-init[0;32m  OK  [0m] Reached target System Initialization.[901]: |oo.=    S o      |
[   30.179003] 
         cloud-init[901]: Starting LXD - unix socket.|o+*.o   oo o .   |
[[0;32m  OK  [0m] Listening on cloud-init hotplug hook socket.
[   30.223357] 
cloud-init[[0;32m  OK  [0m[901]: ] | +=o .   +  . .  |Started ACPI Events Check.
[[0;32m  OK  [0m] Listening on UUID daemon activation socket.
[   30.278040] 
[[0;32m  OK  [0m] cloud-initStarted Ubuntu Advantage Timer for running repeated jobs.
[901]: |+o. .   . .  .   |[[0;32m  OK  [0m
[   30.311884] ] Started Daily apt download activities.
cloud-init[901]: |o+   ...   ..    |
[[0;32m  OK  [0m] [   30.333510] Started Daily apt upgrade and clean activities.cloud-init[901]: +----[SHA256]-----+
[[0;32m  OK  [0m] 
[   30.353927] cloud-initReached target Paths.
[[0;32m  OK  [0m[901]: Generating public/private dsa key pair.] Started Discard unused blocks once a week.
[   30.375290] 
[cloud-init[901]: [0;32m  OK  [0m] Listening on D-Bus System Message Bus Socket.Your identification has been saved in /etc/ssh/ssh_host_dsa_key.
[[0;32m  OK  [0m] 
[   30.407167] Started Message of the Day.
cloud-init[901]:          Starting Socket activation for snappy daemon.Your public key has been saved in /etc/ssh/ssh_host_dsa_key.pub.
[   30.432862] cloud-init
[[0;32m  OK  [0m] Listening on Open-iSCSI iscsid Socket.[901]: 
[The key fingerprint is:[0;32m  OK  [0m] Started Daily Cleanup of Temporary Directories.
[   30.469470] cloud-init
[[0;32m  OK  [0m[901]: SHA256:+v1xTgPu41GnTOz89hYSI/SphYzJxa7NevnrYtu7ZMw root@ubuntu-bionic] Reached target Timers.
[[0;32m  OK  [0m] 
[   30.494634] cloud-init[901]: The key's randomart image is:Listening on ACPID Listen Socket.
[   30.506492] 
[[0;32m  OK  [0mcloud-init[901]: ] Reached target Network is Online.+---[DSA 1024]----+
[   30.525127] cloud-init
[901]:          Starting Availability of block devices...
[[0;32m  OK  [0m] |          .      |
Reached target Remote File Systems (Pre).
[   30.566343] cloud-init[[0;32m  OK  [0m] Reached target Remote File Systems.[901]: 
[[0;32m  OK  [0m|           +     |] Listening on LXD - unix socket.

[[0;32m  OK  [0m[   30.614128] ] Listening on Socket activation for snappy daemon.cloud-init
[[901]: [0;32m  OK  [0m|        . B o .  |] Started Availability of block devices.

[[0;32m  OK  [0m[   30.658792] ] Reached target Sockets.
[[0;32m  OK  [0m] cloud-init[901]: |         + = B   |Reached target Basic System.

         [   30.690752] Starting Virtualbox guest utils...
[[0;32m  OK  [0mcloud-init] Started FUSE filesystem for LXC.
[901]:          |        S + = * .|Starting Pollinate to seed the pseudo random number generator...
         Starting Login Service...
[
[   30.810662] [0;32m  OK  [0m] Started D-Bus System Message Bus.
cloud-init[901]: |       . . =oO + |
[   30.983030] cloud-init[901]: |      .   . =EX .|
[   31.049312] cloud-init[901]: |       . o *=* oo|
[   31.101307] cloud-init[901]: |        . ++OO=o+|[[0;32m  OK  [0m] Started Login Service.

         [   31.194441] Starting Dispatcher daemon for systemd-networkd...
cloud-init[[0;32m  OK  [0m] Started Regular background program processing daemon.
         Starting Accounts Service...
[901]: +----[SHA256]-----+         Starting Permit User Sessions...
         
Starting LSB: Record successful boot for GRUB...
[   31.358110] [[0;32m  OK  [0m] Started Deferred execution scheduler.
         Starting System Logging Service...
cloud-init[901]: Generating public/private ecdsa key pair.[[0;32m  OK  [0m] Started irqbalance daemon.
[[0;32m  OK  [0m] Reached target Login Prompts (Pre).

[   31.581370]          Starting Snap Daemon...
[[0;32m  OK  [0m] Started Unattended Upgrades Shutdown.cloud-init[901]: 
         Starting LSB: automatic crash report generation...
Your identification has been saved in /etc/ssh/ssh_host_ecdsa_key.         Starting LXD - container startup/shutdown...
[[0;32m  OK  [0m] Started System Logging Service.
[[0;32m  OK  [0m] Started Permit User Sessions.
         Starting Hostname Service...
         Starting Hold until boot process finishes up...
         Starting Terminate Plymouth Boot Screen...
[[0;32m  OK  [0m] Started Hold until boot process finishes up.

[   31.966213] cloud-init[[0;32m  OK  [0m] Started Terminate Plymouth Boot Screen.
[901]:          Starting Authorization Manager...
[[0;32m  OK  [0m] Started Serial Getty on ttyS0.
         Starting Set console scheme...
Your public key has been saved in /etc/ssh/ssh_host_ecdsa_key.pub.
[[0;32m  OK  [0m] Started Set console scheme.
[[0;32m  OK  [0m] Started LSB: Record successful boot for GRUB.
[[0;32m  OK  [0m] Started Hostname Service.[   32.246984] 
[[0;32m  OK  [0m] Created slice system-getty.slice.
[cloud-init[0;32m  OK  [0m] Started Getty on tty1.
[[0;32m  OK  [0m] Reached target Login Prompts.[901]: 
The key fingerprint is:[[0;32m  OK  [0m] Started Authorization Manager.

[   32.437410] cloud-init[901]: SHA256:M8ZnYScTjBL2sco+2xn8LA/0yWFFxXZbR/ROwSvgEGk root@ubuntu-bionic
[[0;32m  OK  [0m] Started LSB: automatic crash report generation.[   32.585803] 
cloud-init[901]: The key's randomart image is:
[   32.740616] cloud-init[901]: +---[ECDSA 256]---+
[   32.855175] cloud-init[901]: |      o..++ .oo+o|
[   32.907544] cloud-init[901]: |     ....E.+  o.*|[[0;32m  OK  [0m] Started Accounts Service.

[   32.987545] cloud-init[901]: |       .+ B +. .B|
[   33.028334] cloud-init[901]: |     . o . B . = |
[   33.070359] cloud-init[901]: |      o S =   . .|
[   33.115906] cloud-init[901]: |     . + O o     |
[   33.170900] cloud-init[901]: |      o + +      |
[   33.204101] cloud-init[901]: |       +.*       |
[   33.238624] cloud-init[901]: |      . oo+      |
[   33.294518] cloud-init[901]: +----[SHA256]-----+
[   33.339701] cloud-init[901]: Generating public/private ed25519 key pair.
[   33.406674] cloud-init[901]: Your identification has been saved in /etc/ssh/ssh_host_ed25519_key.
[   33.543349] cloud-init[901]: Your public key has been saved in /etc/ssh/ssh_host_ed25519_key.pub.
[   33.645813] cloud-init[901]: The key fingerprint is:
[   33.753850] cloud-init[901]: SHA256:mblUP225ADZHQJDeEAkuch2nlF8zPv8rAdk1CeAdvho root@ubuntu-bionic
[[0;32m  OK  [0m] [   33.854089] Started LXD - container startup/shutdown.
cloud-init[901]: The key's randomart image is:
[   33.902293] cloud-init[901]: +--[ED25519 256]--+
[   33.939745] cloud-init[901]: |      +o+*+o+. . |
[   34.020731] cloud-init[901]: |     +.++.++ .+  |[[0;32m  OK  [0m] Started Virtualbox guest utils.

[   34.208498] cloud-init[901]: |  . o +o =*=+. . |
[   34.315211] cloud-init[901]: |   o .  o**=.o . |
[   34.362184] cloud-init[901]: |        S E+= +  |
[   34.482926] cloud-init[901]: |       . . oo+ . |
[   34.536450] cloud-init[901]: |        . .  o.  |
[[0;32m  OK  [0m] Started Dispatcher daemon for systemd-networkd.[   34.568800] 
cloud-init[901]: |            . .  |
[   34.663520] cloud-init[901]: |             ... |
[   34.711123] cloud-init[901]: +----[SHA256]-----+
[[0;32m  OK  [0m] Started Pollinate to seed the pseudo random number generator.
         Starting OpenBSD Secure Shell server...
[[0;32m  OK  [0m] Started Snap Daemon.
         Starting Wait until snapd is fully seeded...
[[0;32m  OK  [0m] Started OpenBSD Secure Shell server.
[[0;32m  OK  [0m] Created slice User Slice of vagrant.
         Starting User Manager for UID 1000...
[[0;32m  OK  [0m] Started Session 1 of user vagrant.
[[0;32m  OK  [0m] Started User Manager for UID 1000.

Ubuntu 18.04.6 LTS ubuntu-bionic ttyS0

ubuntu-bionic login: [   47.373365] cloud-init[1397]: Cloud-init v. 23.1.2-0ubuntu0~18.04.1 running 'modules:config' at Tue, 15 Apr 2025 18:05:50 +0000. Up 45.85 seconds.
ci-info: no authorized SSH keys fingerprints found for user ubuntu.
<14>Apr 15 18:05:55 cloud-init: #############################################################
<14>Apr 15 18:05:55 cloud-init: -----BEGIN SSH HOST KEY FINGERPRINTS-----
<14>Apr 15 18:05:55 cloud-init: 1024 SHA256:+v1xTgPu41GnTOz89hYSI/SphYzJxa7NevnrYtu7ZMw root@ubuntu-bionic (DSA)
<14>Apr 15 18:05:55 cloud-init: 256 SHA256:M8ZnYScTjBL2sco+2xn8LA/0yWFFxXZbR/ROwSvgEGk root@ubuntu-bionic (ECDSA)
<14>Apr 15 18:05:55 cloud-init: 256 SHA256:mblUP225ADZHQJDeEAkuch2nlF8zPv8rAdk1CeAdvho root@ubuntu-bionic (ED25519)
<14>Apr 15 18:05:55 cloud-init: 2048 SHA256:AWWxOzffKjCrAiwXrT0qI1vMFhKtXgTcgGTrQG40O7U root@ubuntu-bionic (RSA)
<14>Apr 15 18:05:55 cloud-init: -----END SSH HOST KEY FINGERPRINTS-----
<14>Apr 15 18:05:55 cloud-init: #############################################################
-----BEGIN SSH HOST KEY KEYS-----
ecdsa-sha2-nistp256 AAAAE2VjZHNhLXNoYTItbmlzdHAyNTYAAAAIbmlzdHAyNTYAAABBBNDbWn8XwpAqsqGZCS8M3MVIjpe7hk8CtjORH4ioSd5I33lZkUSEtOEt9rfx0ZYti4wTrEchflCoEhzXK9Leoq0= root@ubuntu-bionic
ssh-ed25519 AAAAC3NzaC1lZDI1NTE5AAAAIHl2jIpWbivGJsMFvOiFk8rckbOS8b5a49sVLGLDMKGJ root@ubuntu-bionic
ssh-rsa AAAAB3NzaC1yc2EAAAADAQABAAABAQDLB1EAIJZJaRrg+Ij+zezEDU73wCNByh4Ui0g7CfKJAxPq6X6LYtmektnbnc+ZkgPb2daV1yjom3vn1cUvwTwZmYuyGa9YWW9/zqcPNFzs2YkARwWYenbQqGbB8WsCjkMSb2J2QP6IAYJ8D8Hjl8WYD3G7422/3sBYs+Tt0b4uS2QR/ICIWNOQUobdA6MPBXGbR50QMc6i8oMvZIXoEAr42zqA7lnJp5Zixr6L5SkBLdTPkYojHK136n+7kga53IFyIS3ayak5R2+JveQJKo5+lDGp+JYIXW+U6+WL9bxV5aF/oUmkrjtrF2/e1r+ui9y+0+F1JhHWD+uCN3AcKQsx root@ubuntu-bionic
-----END SSH HOST KEY KEYS-----
[   51.207955] cloud-init[1581]: Cloud-init v. 23.1.2-0ubuntu0~18.04.1 running 'modules:final' at Tue, 15 Apr 2025 18:05:54 +0000. Up 50.05 seconds.
[   51.245409] cloud-init[1581]: Cloud-init v. 23.1.2-0ubuntu0~18.04.1 finished at Tue, 15 Apr 2025 18:05:55 +0000. Datasource DataSourceNoCloud [seed=/dev/sdb][dsmode=net].  Up 51.18 seconds
                                                                                                                                  [
[[0;32m  OK  [0m] Stopped Dispatcher daemon for systemd-networkd.
[[0;32m  OK  [0m] Unmounted /var/lib/lxcfs.
[[0;32m  OK  [0m] Stopped Deferred execution scheduler.
[[0;32m  OK  [0m] Stopped Accounts Service.
[[0;32m  OK  [0m] Stopped System Logging Service.
[[0;32m  OK  [0m] Stopped Regular background program processing daemon.
[[0;32m  OK  [0m] Stopped Serial Getty on ttyS0.
[[0;32m  OK  [0m] Stopped Authorization Manager.
[[0;32m  OK  [0m] Stopped Getty on tty1.
[[0;32m  OK  [0m] Stopped OpenBSD Secure Shell server.
[[0;32m  OK  [0m] Stopped User Manager for UID 1000.
[[0;32m  OK  [0m] Stopped Availability of block devices.
[[0;32m  OK  [0m] Stopped D-Bus System Message Bus.
[[0;32m  OK  [0m] Stopped FUSE filesystem for LXC.
[[0;32m  OK  [0m] Stopped Session 8 of user vagrant.
[[0;32m  OK  [0m] Stopped LXD - container startup/shutdown.
[[0;32m  OK  [0m] Removed slice User Slice of vagrant.
         Stopping Login Service...
[[0;32m  OK  [0m] Removed slice system-getty.slice.
[[0;32m  OK  [0m] Removed slice system-serial\x2dgetty.slice.
[[0;32m  OK  [0m] Stopped target Login Prompts (Pre).
         Stopping Permit User Sessions...
[[0;32m  OK  [0m] Stopped Login Service.
[[0;32m  OK  [0m] Stopped LSB: automatic crash report generation.
[[0;32m  OK  [0m] Stopped LSB: Record successful boot for GRUB.
[[0;32m  OK  [0m] Stopped Permit User Sessions.
[[0;32m  OK  [0m] Stopped Virtualbox guest utils.
[[0;32m  OK  [0m] Stopped target Network.
         Stopping Network Name Resolution...
[[0;32m  OK  [0m] Stopped target Remote File Systems.
[[0;32m  OK  [0m] Stopped target Remote File Systems (Pre).
[[0;32m  OK  [0m] Stopped target User and Group Name Lookups.
[[0;32m  OK  [0m] Stopped target Basic System.
[[0;32m  OK  [0m] Stopped target Sockets.
[[0;32m  OK  [0m] Closed UUID daemon activation socket.
[[0;32m  OK  [0m] Closed LXD - unix socket.
[[0;32m  OK  [0m] Closed Open-iSCSI iscsid Socket.
[[0;32m  OK  [0m] Closed cloud-init hotplug hook socket.
[[0;32m  OK  [0m] Closed Socket activation for snappy daemon.
[[0;32m  OK  [0m] Closed D-Bus System Message Bus Socket.
[[0;32m  OK  [0m] Closed ACPID Listen Socket.
[[0;32m  OK  [0m] Closed Syslog Socket.
[[0;32m  OK  [0m] Stopped target Slices.
[[0;32m  OK  [0m] Removed slice User and Session Slice.
[[0;32m  OK  [0m] Stopped target Paths.
[[0;32m  OK  [0m] Stopped ACPI Events Check.
[[0;32m  OK  [0m] Stopped target System Initialization.
         Stopping Load/Save Random Seed...
[[0;32m  OK  [0m] Stopped Initial cloud-init job (metadata service crawler).
         Stopping Update UTMP about System Boot/Shutdown...
[[0;32m  OK  [0m] Stopped Commit a transient machine-id on disk.
[[0;32m  OK  [0m] Stopped target Local Encrypted Volumes.
[[0;32m  OK  [0m] Stopped Dispatch Password Requests to Console Directory Watch.
[[0;32m  OK  [0m] Stopped Forward Password Requests to Wall Directory Watch.
[[0;32m  OK  [0m] Stopped Network Name Resolution.
[[0;32m  OK  [0m] Stopped Load/Save Random Seed.
         Stopping Network Service...
[[0;32m  OK  [0m] Stopped Update UTMP about System Boot/Shutdown.
[[0;32m  OK  [0m] Stopped Create Volatile Files and Directories.
[[0;32m  OK  [0m] Stopped target Local File Systems.
         Unmounting /run/user/1000...
[[0;32m  OK  [0m] Stopped target Mounted snaps.
[[0;32m  OK  [0m] Stopped target Mounting snaps.
[[0;32m  OK  [0m] Unmounted /run/user/1000.
[[0;32m  OK  [0m] Reached target Unmount All Filesystems.
[[0;32m  OK  [0m] Stopped target Swap.
[[0;32m  OK  [0m] Stopped target Local File Systems (Pre).
[[0;32m  OK  [0m] Stopped Create Static Device Nodes in /dev.
         Stopping Monitoring of LVM2 mirrors…ng dmeventd or progress polling...
[[0;32m  OK  [0m] Stopped Network Service.
[[0;32m  OK  [0m] Stopped Apply Kernel Variables.
[[0;32m  OK  [0m] Stopped Load Kernel Modules.
[[0;32m  OK  [0m] Stopped target Network (Pre).
[[0;32m  OK  [0m] Stopped Initial cloud-init job (pre-networking).
[[0;32m  OK  [0m] Stopped Remount Root and Kernel File Systems.
[[0;32m  OK  [0m] Reached target Shutdown.
[[0;32m  OK  [0m] Reached target Final Step.
         Starting Power-Off...
[[0;32m  OK  [0m] Stopped Monitoring of LVM2 mirrors,…sing dmeventd or progress polling.
         Stopping LVM2 metadata daemon...
[[0;32m  OK  [0m] Stopped LVM2 metadata daemon.
[ 9391.476272] reboot: Power down
